[2025-11-20 14:52:33 -0600] [96648] [INFO] Starting gunicorn 21.2.0
[2025-11-20 14:52:33 -0600] [96648] [INFO] Listening at: http://127.0.0.1:5008 (96648)
[2025-11-20 14:52:33 -0600] [96648] [INFO] Using worker: sync
[2025-11-20 14:52:33 -0600] [96703] [INFO] Booting worker with pid: 96703
/Users/briceleasure/Library/Python/3.9/lib/python/site-packages/urllib3/__init__.py:35: NotOpenSSLWarning: urllib3 v2 only supports OpenSSL 1.1.1+, currently the 'ssl' module is compiled with 'LibreSSL 2.8.3'. See: https://github.com/urllib3/urllib3/issues/3020
  warnings.warn(
[2025-11-20 14:53:10 -0600] [96648] [CRITICAL] WORKER TIMEOUT (pid:96703)
[2025-11-20 14:53:10 -0600] [96703] [INFO] Worker exiting (pid: 96703)
Error creating user: The user with the provided email already exists (EMAIL_EXISTS).
[2025-11-20 14:53:10 -0600] [96648] [ERROR] Worker (pid:96703) exited with code 1
[2025-11-20 14:53:10 -0600] [96648] [ERROR] Worker (pid:96703) exited with code 1.
[2025-11-20 14:53:10 -0600] [96833] [INFO] Booting worker with pid: 96833
/Users/briceleasure/Library/Python/3.9/lib/python/site-packages/urllib3/__init__.py:35: NotOpenSSLWarning: urllib3 v2 only supports OpenSSL 1.1.1+, currently the 'ssl' module is compiled with 'LibreSSL 2.8.3'. See: https://github.com/urllib3/urllib3/issues/3020
  warnings.warn(
[2025-11-20 14:55:09 -0600] [96648] [CRITICAL] WORKER TIMEOUT (pid:96833)
[2025-11-20 14:55:09 -0600] [96833] [INFO] Worker exiting (pid: 96833)
Error creating user: The user with the provided email already exists (EMAIL_EXISTS).
Error creating user: The user with the provided email already exists (EMAIL_EXISTS).
[2025-11-20 14:55:09 -0600] [96648] [ERROR] Worker (pid:96833) exited with code 1
[2025-11-20 14:55:09 -0600] [96648] [ERROR] Worker (pid:96833) exited with code 1.
[2025-11-20 14:55:09 -0600] [98220] [INFO] Booting worker with pid: 98220
/Users/briceleasure/Library/Python/3.9/lib/python/site-packages/urllib3/__init__.py:35: NotOpenSSLWarning: urllib3 v2 only supports OpenSSL 1.1.1+, currently the 'ssl' module is compiled with 'LibreSSL 2.8.3'. See: https://github.com/urllib3/urllib3/issues/3020
  warnings.warn(
[2025-11-20 14:55:40 -0600] [96648] [CRITICAL] WORKER TIMEOUT (pid:98220)
[2025-11-20 14:55:40 -0600] [98220] [INFO] Worker exiting (pid: 98220)
[2025-11-20 14:55:40 -0600] [96648] [ERROR] Worker (pid:98220) exited with code 1
[2025-11-20 14:55:40 -0600] [96648] [ERROR] Worker (pid:98220) exited with code 1.
[2025-11-20 14:55:40 -0600] [98268] [INFO] Booting worker with pid: 98268
/Users/briceleasure/Library/Python/3.9/lib/python/site-packages/urllib3/__init__.py:35: NotOpenSSLWarning: urllib3 v2 only supports OpenSSL 1.1.1+, currently the 'ssl' module is compiled with 'LibreSSL 2.8.3'. See: https://github.com/urllib3/urllib3/issues/3020
  warnings.warn(
[2025-11-20 14:57:25 -0600] [96648] [CRITICAL] WORKER TIMEOUT (pid:98268)
[2025-11-20 14:57:25 -0600] [98268] [INFO] Worker exiting (pid: 98268)
[2025-11-20 14:57:25 -0600] [96648] [ERROR] Worker (pid:98268) exited with code 1
[2025-11-20 14:57:25 -0600] [96648] [ERROR] Worker (pid:98268) exited with code 1.
[2025-11-20 14:57:25 -0600] [98623] [INFO] Booting worker with pid: 98623
/Users/briceleasure/Library/Python/3.9/lib/python/site-packages/urllib3/__init__.py:35: NotOpenSSLWarning: urllib3 v2 only supports OpenSSL 1.1.1+, currently the 'ssl' module is compiled with 'LibreSSL 2.8.3'. See: https://github.com/urllib3/urllib3/issues/3020
  warnings.warn(
[2025-11-20 14:57:56 -0600] [96648] [CRITICAL] WORKER TIMEOUT (pid:98623)
[2025-11-20 14:57:56 -0600] [98623] [INFO] Worker exiting (pid: 98623)
[2025-11-20 14:57:56 -0600] [96648] [ERROR] Worker (pid:98623) exited with code 1
[2025-11-20 14:57:56 -0600] [96648] [ERROR] Worker (pid:98623) exited with code 1.
[2025-11-20 14:57:56 -0600] [98769] [INFO] Booting worker with pid: 98769
/Users/briceleasure/Library/Python/3.9/lib/python/site-packages/urllib3/__init__.py:35: NotOpenSSLWarning: urllib3 v2 only supports OpenSSL 1.1.1+, currently the 'ssl' module is compiled with 'LibreSSL 2.8.3'. See: https://github.com/urllib3/urllib3/issues/3020
  warnings.warn(
[2025-11-20 14:59:58 -0600] [96648] [CRITICAL] WORKER TIMEOUT (pid:98769)
[2025-11-20 14:59:58 -0600] [98769] [INFO] Worker exiting (pid: 98769)
[2025-11-20 14:59:58 -0600] [96648] [ERROR] Worker (pid:98769) exited with code 1
[2025-11-20 14:59:58 -0600] [96648] [ERROR] Worker (pid:98769) exited with code 1.
[2025-11-20 14:59:58 -0600] [6390] [INFO] Booting worker with pid: 6390
/Users/briceleasure/Library/Python/3.9/lib/python/site-packages/urllib3/__init__.py:35: NotOpenSSLWarning: urllib3 v2 only supports OpenSSL 1.1.1+, currently the 'ssl' module is compiled with 'LibreSSL 2.8.3'. See: https://github.com/urllib3/urllib3/issues/3020
  warnings.warn(
[2025-11-20 15:02:38,711] ERROR in app: Exception on /dashboard [GET]
Traceback (most recent call last):
  File "/Users/briceleasure/Library/Python/3.9/lib/python/site-packages/flask/app.py", line 1455, in wsgi_app
    response = self.full_dispatch_request()
  File "/Users/briceleasure/Library/Python/3.9/lib/python/site-packages/flask/app.py", line 869, in full_dispatch_request
    rv = self.handle_user_exception(e)
  File "/Users/briceleasure/Library/Python/3.9/lib/python/site-packages/flask_cors/extension.py", line 176, in wrapped_function
    return cors_after_request(app.make_response(f(*args, **kwargs)))
  File "/Users/briceleasure/Library/Python/3.9/lib/python/site-packages/flask/app.py", line 867, in full_dispatch_request
    rv = self.dispatch_request()
  File "/Users/briceleasure/Library/Python/3.9/lib/python/site-packages/flask/app.py", line 852, in dispatch_request
    return self.ensure_sync(self.view_functions[rule.endpoint])(**view_args)
  File "/Users/briceleasure/Desktop/contractor-leads-saas/app.py", line 32, in decorated_function
    return f(*args, **kwargs)
  File "/Users/briceleasure/Desktop/contractor-leads-saas/app.py", line 104, in dashboard
    return render_template('dashboard.html',
  File "/Users/briceleasure/Library/Python/3.9/lib/python/site-packages/flask/templating.py", line 151, in render_template
    template = app.jinja_env.get_or_select_template(template_name_or_list)
  File "/Users/briceleasure/Library/Python/3.9/lib/python/site-packages/jinja2/environment.py", line 1087, in get_or_select_template
    return self.get_template(template_name_or_list, parent, globals)
  File "/Users/briceleasure/Library/Python/3.9/lib/python/site-packages/jinja2/environment.py", line 1016, in get_template
    return self._load_template(name, globals)
  File "/Users/briceleasure/Library/Python/3.9/lib/python/site-packages/jinja2/environment.py", line 975, in _load_template
    template = self.loader.load(self, name, self.make_globals(globals))
  File "/Users/briceleasure/Library/Python/3.9/lib/python/site-packages/jinja2/loaders.py", line 138, in load
    code = environment.compile(source, name, filename)
  File "/Users/briceleasure/Library/Python/3.9/lib/python/site-packages/jinja2/environment.py", line 771, in compile
    self.handle_exception(source=source_hint)
  File "/Users/briceleasure/Library/Python/3.9/lib/python/site-packages/jinja2/environment.py", line 942, in handle_exception
    raise rewrite_traceback_stack(source=source)
  File "/Users/briceleasure/Desktop/contractor-leads-saas/templates/dashboard.html", line 238, in template
    <p><strong>Value:</strong> ${{ lead.estimated_value|number_format }}</p>
jinja2.exceptions.TemplateAssertionError: No filter named 'number_format'.
[2025-11-20 15:03:09 -0600] [96648] [CRITICAL] WORKER TIMEOUT (pid:6390)
[2025-11-20 15:03:09 -0600] [6390] [INFO] Worker exiting (pid: 6390)
[2025-11-20 15:03:10 -0600] [96648] [ERROR] Worker (pid:6390) was sent SIGKILL! Perhaps out of memory?
[2025-11-20 15:03:10 -0600] [13238] [INFO] Booting worker with pid: 13238
/Users/briceleasure/Library/Python/3.9/lib/python/site-packages/urllib3/__init__.py:35: NotOpenSSLWarning: urllib3 v2 only supports OpenSSL 1.1.1+, currently the 'ssl' module is compiled with 'LibreSSL 2.8.3'. See: https://github.com/urllib3/urllib3/issues/3020
  warnings.warn(
[2025-11-20 15:03:11 -0600] [13238] [ERROR] Exception in worker process
Traceback (most recent call last):
  File "/Users/briceleasure/Library/Python/3.9/lib/python/site-packages/gunicorn/arbiter.py", line 609, in spawn_worker
    worker.init_process()
  File "/Users/briceleasure/Library/Python/3.9/lib/python/site-packages/gunicorn/workers/base.py", line 134, in init_process
    self.load_wsgi()
  File "/Users/briceleasure/Library/Python/3.9/lib/python/site-packages/gunicorn/workers/base.py", line 146, in load_wsgi
    self.wsgi = self.app.wsgi()
  File "/Users/briceleasure/Library/Python/3.9/lib/python/site-packages/gunicorn/app/base.py", line 67, in wsgi
    self.callable = self.load()
  File "/Users/briceleasure/Library/Python/3.9/lib/python/site-packages/gunicorn/app/wsgiapp.py", line 58, in load
    return self.load_wsgiapp()
  File "/Users/briceleasure/Library/Python/3.9/lib/python/site-packages/gunicorn/app/wsgiapp.py", line 48, in load_wsgiapp
    return util.import_app(self.app_uri)
  File "/Users/briceleasure/Library/Python/3.9/lib/python/site-packages/gunicorn/util.py", line 371, in import_app
    mod = importlib.import_module(module)
  File "/Library/Developer/CommandLineTools/Library/Frameworks/Python3.framework/Versions/3.9/lib/python3.9/importlib/__init__.py", line 127, in import_module
    return _bootstrap._gcd_import(name[level:], package, level)
  File "<frozen importlib._bootstrap>", line 1030, in _gcd_import
  File "<frozen importlib._bootstrap>", line 1007, in _find_and_load
  File "<frozen importlib._bootstrap>", line 986, in _find_and_load_unlocked
  File "<frozen importlib._bootstrap>", line 680, in _load_unlocked
  File "<frozen importlib._bootstrap_external>", line 850, in exec_module
  File "<frozen importlib._bootstrap>", line 228, in _call_with_frames_removed
  File "/Users/briceleasure/Desktop/contractor-leads-saas/app.py", line 171, in <module>
    def success():
  File "/Users/briceleasure/Library/Python/3.9/lib/python/site-packages/flask/sansio/scaffold.py", line 364, in decorator
    self.add_url_rule(rule, endpoint, f, **options)
  File "/Users/briceleasure/Library/Python/3.9/lib/python/site-packages/flask/sansio/scaffold.py", line 44, in wrapper_func
    return f(self, *args, **kwargs)
  File "/Users/briceleasure/Library/Python/3.9/lib/python/site-packages/flask/sansio/app.py", line 659, in add_url_rule
    raise AssertionError(
AssertionError: View function mapping is overwriting an existing endpoint function: success
[2025-11-20 15:03:11 -0600] [13238] [INFO] Worker exiting (pid: 13238)
[2025-11-20 15:03:11 -0600] [96648] [ERROR] Worker (pid:13238) exited with code 3
[2025-11-20 15:03:11 -0600] [96648] [ERROR] Shutting down: Master
[2025-11-20 15:03:11 -0600] [96648] [ERROR] Reason: Worker failed to boot.
